2018-02-28 22:13:44,238 [INFO] from application in play-dev-mode-akka.actor.default-dispatcher-7 - Creating Pool for datasource 'default'
2018-02-28 22:13:44,660 [INFO] from play.api.db.DefaultDBApi in play-dev-mode-akka.actor.default-dispatcher-7 - Database [default] connected at jdbc:h2:file:./data/employeeDB
2018-02-28 22:13:45,551 [INFO] from play.api.http.EnabledFilters in play-dev-mode-akka.actor.default-dispatcher-7 - Enabled Filters (see <https://www.playframework.com/documentation/latest/Filters>):

    play.filters.csrf.CSRFFilter
    play.filters.headers.SecurityHeadersFilter
    play.filters.hosts.AllowedHostsFilter
    play.filters.headers.SecurityHeadersFilter

2018-02-28 22:13:45,613 [INFO] from play.api.Play in play-dev-mode-akka.actor.default-dispatcher-7 - Application started (Dev)
2018-02-28 22:13:45,816 [WARN] from play.api.mvc.DefaultJWTCookieDataCodec in application-akka.actor.default-dispatcher-8 - decode: cookie has invalid signature! message = JWT signature does not match locally computed signature. JWT validity cannot be asserted and should not be trusted.
2018-02-28 22:13:45,816 [INFO] from play.api.mvc.DefaultJWTCookieDataCodec in application-akka.actor.default-dispatcher-8 - The JWT signature in the cookie does not match the locally computed signature with the server.
This usually indicates the browser has a leftover cookie from another Play application,
so clearing cookies may resolve this error message.
2018-02-28 22:13:46,098 [WARN] from play.api.mvc.DefaultJWTCookieDataCodec in application-akka.actor.default-dispatcher-3 - decode: cookie has invalid signature! message = JWT signature does not match locally computed signature. JWT validity cannot be asserted and should not be trusted.
2018-02-28 22:13:46,098 [INFO] from play.api.mvc.DefaultJWTCookieDataCodec in application-akka.actor.default-dispatcher-3 - The JWT signature in the cookie does not match the locally computed signature with the server.
This usually indicates the browser has a leftover cookie from another Play application,
so clearing cookies may resolve this error message.
2018-02-28 22:13:46,160 [WARN] from play.api.mvc.DefaultJWTCookieDataCodec in application-akka.actor.default-dispatcher-8 - decode: cookie has invalid signature! message = JWT signature does not match locally computed signature. JWT validity cannot be asserted and should not be trusted.
2018-02-28 22:13:46,160 [INFO] from play.api.mvc.DefaultJWTCookieDataCodec in application-akka.actor.default-dispatcher-8 - The JWT signature in the cookie does not match the locally computed signature with the server.
This usually indicates the browser has a leftover cookie from another Play application,
so clearing cookies may resolve this error message.
2018-02-28 22:13:46,191 [WARN] from play.api.mvc.DefaultJWTCookieDataCodec in application-akka.actor.default-dispatcher-4 - decode: cookie has invalid signature! message = JWT signature does not match locally computed signature. JWT validity cannot be asserted and should not be trusted.
2018-02-28 22:13:46,191 [INFO] from play.api.mvc.DefaultJWTCookieDataCodec in application-akka.actor.default-dispatcher-4 - The JWT signature in the cookie does not match the locally computed signature with the server.
This usually indicates the browser has a leftover cookie from another Play application,
so clearing cookies may resolve this error message.
2018-02-28 22:13:46,191 [WARN] from play.api.mvc.DefaultJWTCookieDataCodec in application-akka.actor.default-dispatcher-2 - decode: cookie has invalid signature! message = JWT signature does not match locally computed signature. JWT validity cannot be asserted and should not be trusted.
2018-02-28 22:13:46,191 [INFO] from play.api.mvc.DefaultJWTCookieDataCodec in application-akka.actor.default-dispatcher-2 - The JWT signature in the cookie does not match the locally computed signature with the server.
This usually indicates the browser has a leftover cookie from another Play application,
so clearing cookies may resolve this error message.
2018-02-28 22:13:46,348 [WARN] from play.api.mvc.DefaultJWTCookieDataCodec in application-akka.actor.default-dispatcher-3 - decode: cookie has invalid signature! message = JWT signature does not match locally computed signature. JWT validity cannot be asserted and should not be trusted.
2018-02-28 22:13:46,348 [INFO] from play.api.mvc.DefaultJWTCookieDataCodec in application-akka.actor.default-dispatcher-3 - The JWT signature in the cookie does not match the locally computed signature with the server.
This usually indicates the browser has a leftover cookie from another Play application,
so clearing cookies may resolve this error message.
2018-02-28 22:13:46,488 [WARN] from play.api.mvc.DefaultJWTCookieDataCodec in application-akka.actor.default-dispatcher-3 - decode: cookie has invalid signature! message = JWT signature does not match locally computed signature. JWT validity cannot be asserted and should not be trusted.
2018-02-28 22:13:46,488 [INFO] from play.api.mvc.DefaultJWTCookieDataCodec in application-akka.actor.default-dispatcher-3 - The JWT signature in the cookie does not match the locally computed signature with the server.
This usually indicates the browser has a leftover cookie from another Play application,
so clearing cookies may resolve this error message.
2018-02-28 22:13:46,598 [WARN] from play.api.mvc.DefaultJWTCookieDataCodec in application-akka.actor.default-dispatcher-4 - decode: cookie has invalid signature! message = JWT signature does not match locally computed signature. JWT validity cannot be asserted and should not be trusted.
2018-02-28 22:13:46,598 [INFO] from play.api.mvc.DefaultJWTCookieDataCodec in application-akka.actor.default-dispatcher-4 - The JWT signature in the cookie does not match the locally computed signature with the server.
This usually indicates the browser has a leftover cookie from another Play application,
so clearing cookies may resolve this error message.
2018-02-28 22:15:58,818 [INFO] from application in application-akka.actor.default-dispatcher-17 - Shutting down connection pool.
2018-02-28 22:15:58,974 [INFO] from application in play-dev-mode-akka.actor.default-dispatcher-24 - Creating Pool for datasource 'default'
2018-02-28 22:15:58,990 [INFO] from play.api.db.DefaultDBApi in play-dev-mode-akka.actor.default-dispatcher-24 - Database [default] connected at jdbc:h2:file:./data/employeeDB
2018-02-28 22:15:59,130 [INFO] from play.api.http.EnabledFilters in play-dev-mode-akka.actor.default-dispatcher-24 - Enabled Filters (see <https://www.playframework.com/documentation/latest/Filters>):

    play.filters.csrf.CSRFFilter
    play.filters.headers.SecurityHeadersFilter
    play.filters.hosts.AllowedHostsFilter
    play.filters.headers.SecurityHeadersFilter

2018-02-28 22:15:59,146 [INFO] from play.api.Play in play-dev-mode-akka.actor.default-dispatcher-24 - Application started (Dev)
2018-02-28 22:18:12,011 [INFO] from application in application-akka.actor.default-dispatcher-12 - Shutting down connection pool.
2018-02-28 22:18:12,152 [INFO] from application in play-dev-mode-akka.actor.default-dispatcher-27 - Creating Pool for datasource 'default'
2018-02-28 22:18:12,167 [INFO] from play.api.db.DefaultDBApi in play-dev-mode-akka.actor.default-dispatcher-27 - Database [default] connected at jdbc:h2:file:./data/employeeDB
2018-02-28 22:18:12,308 [INFO] from play.api.http.EnabledFilters in play-dev-mode-akka.actor.default-dispatcher-27 - Enabled Filters (see <https://www.playframework.com/documentation/latest/Filters>):

    play.filters.csrf.CSRFFilter
    play.filters.headers.SecurityHeadersFilter
    play.filters.hosts.AllowedHostsFilter
    play.filters.headers.SecurityHeadersFilter

2018-02-28 22:18:12,308 [INFO] from play.api.Play in play-dev-mode-akka.actor.default-dispatcher-27 - Application started (Dev)
2018-02-28 22:20:15,417 [INFO] from application in application-akka.actor.default-dispatcher-2 - Shutting down connection pool.
2018-02-28 22:20:15,557 [INFO] from application in play-dev-mode-akka.actor.default-dispatcher-22 - Creating Pool for datasource 'default'
2018-02-28 22:20:15,573 [INFO] from play.api.db.DefaultDBApi in play-dev-mode-akka.actor.default-dispatcher-22 - Database [default] connected at jdbc:h2:file:./data/employeeDB
2018-02-28 22:20:15,698 [INFO] from play.api.http.EnabledFilters in play-dev-mode-akka.actor.default-dispatcher-22 - Enabled Filters (see <https://www.playframework.com/documentation/latest/Filters>):

    play.filters.csrf.CSRFFilter
    play.filters.headers.SecurityHeadersFilter
    play.filters.hosts.AllowedHostsFilter
    play.filters.headers.SecurityHeadersFilter

2018-02-28 22:20:15,714 [INFO] from play.api.Play in play-dev-mode-akka.actor.default-dispatcher-22 - Application started (Dev)
2018-02-28 22:28:54,613 [INFO] from application in application-akka.actor.default-dispatcher-14 - Shutting down connection pool.
2018-02-28 22:28:54,753 [INFO] from application in play-dev-mode-akka.actor.default-dispatcher-43 - Creating Pool for datasource 'default'
2018-02-28 22:28:54,769 [INFO] from play.api.db.DefaultDBApi in play-dev-mode-akka.actor.default-dispatcher-43 - Database [default] connected at jdbc:h2:file:./data/employeeDB
2018-02-28 22:28:54,910 [INFO] from play.api.http.EnabledFilters in play-dev-mode-akka.actor.default-dispatcher-43 - Enabled Filters (see <https://www.playframework.com/documentation/latest/Filters>):

    play.filters.csrf.CSRFFilter
    play.filters.headers.SecurityHeadersFilter
    play.filters.hosts.AllowedHostsFilter
    play.filters.headers.SecurityHeadersFilter

2018-02-28 22:28:54,910 [INFO] from play.api.Play in play-dev-mode-akka.actor.default-dispatcher-43 - Application started (Dev)
2018-02-28 22:29:14,314 [INFO] from application in application-akka.actor.default-dispatcher-6 - Shutting down connection pool.
2018-02-28 22:29:14,423 [INFO] from application in play-dev-mode-akka.actor.default-dispatcher-49 - Creating Pool for datasource 'default'
2018-02-28 22:29:14,439 [INFO] from play.api.db.DefaultDBApi in play-dev-mode-akka.actor.default-dispatcher-49 - Database [default] connected at jdbc:h2:file:./data/employeeDB
2018-02-28 22:29:14,564 [INFO] from play.api.http.EnabledFilters in play-dev-mode-akka.actor.default-dispatcher-49 - Enabled Filters (see <https://www.playframework.com/documentation/latest/Filters>):

    play.filters.csrf.CSRFFilter
    play.filters.headers.SecurityHeadersFilter
    play.filters.hosts.AllowedHostsFilter
    play.filters.headers.SecurityHeadersFilter

2018-02-28 22:29:14,564 [INFO] from play.api.Play in play-dev-mode-akka.actor.default-dispatcher-49 - Application started (Dev)
2018-02-28 22:29:32,384 [INFO] from application in application-akka.actor.default-dispatcher-5 - Shutting down connection pool.
2018-02-28 22:29:32,509 [INFO] from application in play-dev-mode-akka.actor.default-dispatcher-49 - Creating Pool for datasource 'default'
2018-02-28 22:29:32,525 [INFO] from play.api.db.DefaultDBApi in play-dev-mode-akka.actor.default-dispatcher-49 - Database [default] connected at jdbc:h2:file:./data/employeeDB
2018-02-28 22:29:32,665 [INFO] from play.api.http.EnabledFilters in play-dev-mode-akka.actor.default-dispatcher-49 - Enabled Filters (see <https://www.playframework.com/documentation/latest/Filters>):

    play.filters.csrf.CSRFFilter
    play.filters.headers.SecurityHeadersFilter
    play.filters.hosts.AllowedHostsFilter
    play.filters.headers.SecurityHeadersFilter

2018-02-28 22:29:32,665 [INFO] from play.api.Play in play-dev-mode-akka.actor.default-dispatcher-49 - Application started (Dev)
2018-02-28 22:32:14,004 [INFO] from application in application-akka.actor.default-dispatcher-12 - Shutting down connection pool.
2018-02-28 22:32:14,113 [INFO] from application in play-dev-mode-akka.actor.default-dispatcher-43 - Creating Pool for datasource 'default'
2018-02-28 22:32:14,129 [INFO] from play.api.db.DefaultDBApi in play-dev-mode-akka.actor.default-dispatcher-43 - Database [default] connected at jdbc:h2:file:./data/employeeDB
2018-02-28 22:32:14,254 [INFO] from play.api.http.EnabledFilters in play-dev-mode-akka.actor.default-dispatcher-43 - Enabled Filters (see <https://www.playframework.com/documentation/latest/Filters>):

    play.filters.csrf.CSRFFilter
    play.filters.headers.SecurityHeadersFilter
    play.filters.hosts.AllowedHostsFilter
    play.filters.headers.SecurityHeadersFilter

2018-02-28 22:32:14,254 [INFO] from play.api.Play in play-dev-mode-akka.actor.default-dispatcher-43 - Application started (Dev)
2018-02-28 22:35:07,025 [INFO] from application in application-akka.actor.default-dispatcher-11 - Shutting down connection pool.
2018-02-28 22:35:07,103 [INFO] from application in play-dev-mode-akka.actor.default-dispatcher-47 - Creating Pool for datasource 'default'
2018-02-28 22:35:07,119 [INFO] from play.api.db.DefaultDBApi in play-dev-mode-akka.actor.default-dispatcher-47 - Database [default] connected at jdbc:h2:file:./data/employeeDB
2018-02-28 22:35:07,244 [INFO] from play.api.http.EnabledFilters in play-dev-mode-akka.actor.default-dispatcher-47 - Enabled Filters (see <https://www.playframework.com/documentation/latest/Filters>):

    play.filters.csrf.CSRFFilter
    play.filters.headers.SecurityHeadersFilter
    play.filters.hosts.AllowedHostsFilter
    play.filters.headers.SecurityHeadersFilter

2018-02-28 22:35:07,244 [INFO] from play.api.Play in play-dev-mode-akka.actor.default-dispatcher-47 - Application started (Dev)
2018-02-28 22:36:16,369 [INFO] from application in application-akka.actor.default-dispatcher-11 - Shutting down connection pool.
2018-02-28 22:36:16,479 [INFO] from application in play-dev-mode-akka.actor.default-dispatcher-59 - Creating Pool for datasource 'default'
2018-02-28 22:36:16,479 [INFO] from play.api.db.DefaultDBApi in play-dev-mode-akka.actor.default-dispatcher-59 - Database [default] connected at jdbc:h2:file:./data/employeeDB
2018-02-28 22:36:16,604 [INFO] from play.api.http.EnabledFilters in play-dev-mode-akka.actor.default-dispatcher-59 - Enabled Filters (see <https://www.playframework.com/documentation/latest/Filters>):

    play.filters.csrf.CSRFFilter
    play.filters.headers.SecurityHeadersFilter
    play.filters.hosts.AllowedHostsFilter
    play.filters.headers.SecurityHeadersFilter

2018-02-28 22:36:16,604 [INFO] from play.api.Play in play-dev-mode-akka.actor.default-dispatcher-59 - Application started (Dev)
2018-02-28 22:36:26,272 [INFO] from application in application-akka.actor.default-dispatcher-4 - Shutting down connection pool.
2018-02-28 22:36:26,365 [INFO] from application in play-dev-mode-akka.actor.default-dispatcher-79 - Creating Pool for datasource 'default'
2018-02-28 22:36:26,381 [INFO] from play.api.db.DefaultDBApi in play-dev-mode-akka.actor.default-dispatcher-79 - Database [default] connected at jdbc:h2:file:./data/employeeDB
2018-02-28 22:36:26,475 [INFO] from play.api.http.EnabledFilters in play-dev-mode-akka.actor.default-dispatcher-79 - Enabled Filters (see <https://www.playframework.com/documentation/latest/Filters>):

    play.filters.csrf.CSRFFilter
    play.filters.headers.SecurityHeadersFilter
    play.filters.hosts.AllowedHostsFilter
    play.filters.headers.SecurityHeadersFilter

2018-02-28 22:36:26,475 [INFO] from play.api.Play in play-dev-mode-akka.actor.default-dispatcher-79 - Application started (Dev)
2018-02-28 22:37:53,138 [INFO] from application in application-akka.actor.default-dispatcher-13 - Shutting down connection pool.
2018-02-28 22:37:53,216 [INFO] from application in play-dev-mode-akka.actor.default-dispatcher-43 - Creating Pool for datasource 'default'
2018-02-28 22:37:53,232 [INFO] from play.api.db.DefaultDBApi in play-dev-mode-akka.actor.default-dispatcher-43 - Database [default] connected at jdbc:h2:file:./data/employeeDB
2018-02-28 22:37:53,310 [INFO] from play.api.http.EnabledFilters in play-dev-mode-akka.actor.default-dispatcher-43 - Enabled Filters (see <https://www.playframework.com/documentation/latest/Filters>):

    play.filters.csrf.CSRFFilter
    play.filters.headers.SecurityHeadersFilter
    play.filters.hosts.AllowedHostsFilter
    play.filters.headers.SecurityHeadersFilter

2018-02-28 22:37:53,310 [INFO] from play.api.Play in play-dev-mode-akka.actor.default-dispatcher-43 - Application started (Dev)
2018-02-28 22:42:21,846 [INFO] from application in application-akka.actor.default-dispatcher-18 - Shutting down connection pool.
2018-02-28 22:42:21,925 [INFO] from application in play-dev-mode-akka.actor.default-dispatcher-59 - Creating Pool for datasource 'default'
2018-02-28 22:42:21,925 [INFO] from play.api.db.DefaultDBApi in play-dev-mode-akka.actor.default-dispatcher-59 - Database [default] connected at jdbc:h2:file:./data/employeeDB
2018-02-28 22:42:22,003 [INFO] from play.api.http.EnabledFilters in play-dev-mode-akka.actor.default-dispatcher-59 - Enabled Filters (see <https://www.playframework.com/documentation/latest/Filters>):

    play.filters.csrf.CSRFFilter
    play.filters.headers.SecurityHeadersFilter
    play.filters.hosts.AllowedHostsFilter
    play.filters.headers.SecurityHeadersFilter

2018-02-28 22:42:22,018 [INFO] from play.api.Play in play-dev-mode-akka.actor.default-dispatcher-59 - Application started (Dev)
2018-02-28 22:42:32,666 [INFO] from application in application-akka.actor.default-dispatcher-4 - Shutting down connection pool.
2018-02-28 22:42:32,744 [INFO] from application in play-dev-mode-akka.actor.default-dispatcher-59 - Creating Pool for datasource 'default'
2018-02-28 22:42:32,744 [INFO] from play.api.db.DefaultDBApi in play-dev-mode-akka.actor.default-dispatcher-59 - Database [default] connected at jdbc:h2:file:./data/employeeDB
2018-02-28 22:42:32,838 [INFO] from play.api.http.EnabledFilters in play-dev-mode-akka.actor.default-dispatcher-59 - Enabled Filters (see <https://www.playframework.com/documentation/latest/Filters>):

    play.filters.csrf.CSRFFilter
    play.filters.headers.SecurityHeadersFilter
    play.filters.hosts.AllowedHostsFilter
    play.filters.headers.SecurityHeadersFilter

2018-02-28 22:42:32,838 [INFO] from play.api.Play in play-dev-mode-akka.actor.default-dispatcher-59 - Application started (Dev)
2018-02-28 22:45:55,884 [INFO] from application in application-akka.actor.default-dispatcher-13 - Shutting down connection pool.
2018-02-28 22:45:55,962 [INFO] from application in play-dev-mode-akka.actor.default-dispatcher-109 - Creating Pool for datasource 'default'
2018-02-28 22:45:55,962 [INFO] from play.api.db.DefaultDBApi in play-dev-mode-akka.actor.default-dispatcher-109 - Database [default] connected at jdbc:h2:file:./data/employeeDB
2018-02-28 22:45:56,040 [INFO] from play.api.http.EnabledFilters in play-dev-mode-akka.actor.default-dispatcher-109 - Enabled Filters (see <https://www.playframework.com/documentation/latest/Filters>):

    play.filters.csrf.CSRFFilter
    play.filters.headers.SecurityHeadersFilter
    play.filters.hosts.AllowedHostsFilter
    play.filters.headers.SecurityHeadersFilter

2018-02-28 22:45:56,040 [INFO] from play.api.Play in play-dev-mode-akka.actor.default-dispatcher-109 - Application started (Dev)
2018-02-28 22:49:25,318 [INFO] from application in application-akka.actor.default-dispatcher-32 - Shutting down connection pool.
2018-02-28 22:49:25,381 [INFO] from application in play-dev-mode-akka.actor.default-dispatcher-189 - Creating Pool for datasource 'default'
2018-02-28 22:49:25,396 [INFO] from play.api.db.DefaultDBApi in play-dev-mode-akka.actor.default-dispatcher-189 - Database [default] connected at jdbc:h2:file:./data/employeeDB
2018-02-28 22:49:25,490 [INFO] from play.api.http.EnabledFilters in play-dev-mode-akka.actor.default-dispatcher-189 - Enabled Filters (see <https://www.playframework.com/documentation/latest/Filters>):

    play.filters.csrf.CSRFFilter
    play.filters.headers.SecurityHeadersFilter
    play.filters.hosts.AllowedHostsFilter
    play.filters.headers.SecurityHeadersFilter

2018-02-28 22:49:25,490 [INFO] from play.api.Play in play-dev-mode-akka.actor.default-dispatcher-189 - Application started (Dev)
2018-02-28 22:49:33,681 [INFO] from application in application-akka.actor.default-dispatcher-4 - Shutting down connection pool.
2018-02-28 22:49:33,744 [INFO] from application in play-dev-mode-akka.actor.default-dispatcher-109 - Creating Pool for datasource 'default'
2018-02-28 22:49:33,759 [INFO] from play.api.db.DefaultDBApi in play-dev-mode-akka.actor.default-dispatcher-109 - Database [default] connected at jdbc:h2:file:./data/employeeDB
2018-02-28 22:49:33,837 [INFO] from play.api.http.EnabledFilters in play-dev-mode-akka.actor.default-dispatcher-109 - Enabled Filters (see <https://www.playframework.com/documentation/latest/Filters>):

    play.filters.csrf.CSRFFilter
    play.filters.headers.SecurityHeadersFilter
    play.filters.hosts.AllowedHostsFilter
    play.filters.headers.SecurityHeadersFilter

2018-02-28 22:49:33,853 [INFO] from play.api.Play in play-dev-mode-akka.actor.default-dispatcher-109 - Application started (Dev)
2018-02-28 22:51:32,928 [INFO] from application in application-akka.actor.default-dispatcher-14 - Shutting down connection pool.
2018-02-28 22:51:32,991 [INFO] from application in play-dev-mode-akka.actor.default-dispatcher-166 - Creating Pool for datasource 'default'
2018-02-28 22:51:32,991 [INFO] from play.api.db.DefaultDBApi in play-dev-mode-akka.actor.default-dispatcher-166 - Database [default] connected at jdbc:h2:file:./data/employeeDB
2018-02-28 22:51:33,116 [INFO] from play.api.http.EnabledFilters in play-dev-mode-akka.actor.default-dispatcher-166 - Enabled Filters (see <https://www.playframework.com/documentation/latest/Filters>):

    play.filters.csrf.CSRFFilter
    play.filters.headers.SecurityHeadersFilter
    play.filters.hosts.AllowedHostsFilter
    play.filters.headers.SecurityHeadersFilter

2018-02-28 22:51:33,116 [INFO] from play.api.Play in play-dev-mode-akka.actor.default-dispatcher-166 - Application started (Dev)
2018-02-28 22:52:08,643 [INFO] from application in application-akka.actor.default-dispatcher-10 - Shutting down connection pool.
2018-02-28 22:52:08,721 [INFO] from application in play-dev-mode-akka.actor.default-dispatcher-170 - Creating Pool for datasource 'default'
2018-02-28 22:52:08,736 [INFO] from play.api.db.DefaultDBApi in play-dev-mode-akka.actor.default-dispatcher-170 - Database [default] connected at jdbc:h2:file:./data/employeeDB
2018-02-28 22:52:08,830 [INFO] from play.api.http.EnabledFilters in play-dev-mode-akka.actor.default-dispatcher-170 - Enabled Filters (see <https://www.playframework.com/documentation/latest/Filters>):

    play.filters.csrf.CSRFFilter
    play.filters.headers.SecurityHeadersFilter
    play.filters.hosts.AllowedHostsFilter
    play.filters.headers.SecurityHeadersFilter

2018-02-28 22:52:08,830 [INFO] from play.api.Play in play-dev-mode-akka.actor.default-dispatcher-170 - Application started (Dev)
2018-02-28 23:00:34,220 [INFO] from application in application-akka.actor.default-dispatcher-13 - Shutting down connection pool.
2018-02-28 23:00:34,298 [INFO] from application in play-dev-mode-akka.actor.default-dispatcher-166 - Creating Pool for datasource 'default'
2018-02-28 23:00:34,298 [INFO] from play.api.db.DefaultDBApi in play-dev-mode-akka.actor.default-dispatcher-166 - Database [default] connected at jdbc:h2:file:./data/employeeDB
2018-02-28 23:00:34,376 [INFO] from play.api.http.EnabledFilters in play-dev-mode-akka.actor.default-dispatcher-166 - Enabled Filters (see <https://www.playframework.com/documentation/latest/Filters>):

    play.filters.csrf.CSRFFilter
    play.filters.headers.SecurityHeadersFilter
    play.filters.hosts.AllowedHostsFilter
    play.filters.headers.SecurityHeadersFilter

2018-02-28 23:00:34,392 [INFO] from play.api.Play in play-dev-mode-akka.actor.default-dispatcher-166 - Application started (Dev)
2018-02-28 23:03:28,828 [INFO] from application in application-akka.actor.default-dispatcher-19 - Shutting down connection pool.
2018-02-28 23:03:28,890 [INFO] from application in play-dev-mode-akka.actor.default-dispatcher-208 - Creating Pool for datasource 'default'
2018-02-28 23:03:28,906 [INFO] from play.api.db.DefaultDBApi in play-dev-mode-akka.actor.default-dispatcher-208 - Database [default] connected at jdbc:h2:file:./data/employeeDB
2018-02-28 23:03:28,984 [INFO] from play.api.http.EnabledFilters in play-dev-mode-akka.actor.default-dispatcher-208 - Enabled Filters (see <https://www.playframework.com/documentation/latest/Filters>):

    play.filters.csrf.CSRFFilter
    play.filters.headers.SecurityHeadersFilter
    play.filters.hosts.AllowedHostsFilter
    play.filters.headers.SecurityHeadersFilter

2018-02-28 23:03:28,999 [INFO] from play.api.Play in play-dev-mode-akka.actor.default-dispatcher-208 - Application started (Dev)
2018-02-28 23:05:16,493 [INFO] from application in application-akka.actor.default-dispatcher-21 - Shutting down connection pool.
2018-02-28 23:05:16,571 [INFO] from application in play-dev-mode-akka.actor.default-dispatcher-236 - Creating Pool for datasource 'default'
2018-02-28 23:05:16,571 [INFO] from play.api.db.DefaultDBApi in play-dev-mode-akka.actor.default-dispatcher-236 - Database [default] connected at jdbc:h2:file:./data/employeeDB
2018-02-28 23:05:16,649 [INFO] from play.api.http.EnabledFilters in play-dev-mode-akka.actor.default-dispatcher-236 - Enabled Filters (see <https://www.playframework.com/documentation/latest/Filters>):

    play.filters.csrf.CSRFFilter
    play.filters.headers.SecurityHeadersFilter
    play.filters.hosts.AllowedHostsFilter
    play.filters.headers.SecurityHeadersFilter

2018-02-28 23:05:16,649 [INFO] from play.api.Play in play-dev-mode-akka.actor.default-dispatcher-236 - Application started (Dev)
2018-02-28 23:05:58,053 [INFO] from application in application-akka.actor.default-dispatcher-7 - Shutting down connection pool.
2018-02-28 23:05:58,115 [INFO] from application in play-dev-mode-akka.actor.default-dispatcher-217 - Creating Pool for datasource 'default'
2018-02-28 23:05:58,131 [INFO] from play.api.db.DefaultDBApi in play-dev-mode-akka.actor.default-dispatcher-217 - Database [default] connected at jdbc:h2:file:./data/employeeDB
2018-02-28 23:05:58,225 [INFO] from play.api.http.EnabledFilters in play-dev-mode-akka.actor.default-dispatcher-217 - Enabled Filters (see <https://www.playframework.com/documentation/latest/Filters>):

    play.filters.csrf.CSRFFilter
    play.filters.headers.SecurityHeadersFilter
    play.filters.hosts.AllowedHostsFilter
    play.filters.headers.SecurityHeadersFilter

2018-02-28 23:05:58,225 [INFO] from play.api.Play in play-dev-mode-akka.actor.default-dispatcher-217 - Application started (Dev)
2018-02-28 23:09:15,929 [INFO] from application in application-akka.actor.default-dispatcher-2 - Shutting down connection pool.
2018-02-28 23:09:15,991 [INFO] from application in play-dev-mode-akka.actor.default-dispatcher-207 - Creating Pool for datasource 'default'
2018-02-28 23:09:16,007 [INFO] from play.api.db.DefaultDBApi in play-dev-mode-akka.actor.default-dispatcher-207 - Database [default] connected at jdbc:h2:file:./data/employeeDB
2018-02-28 23:09:16,085 [INFO] from play.api.http.EnabledFilters in play-dev-mode-akka.actor.default-dispatcher-207 - Enabled Filters (see <https://www.playframework.com/documentation/latest/Filters>):

    play.filters.csrf.CSRFFilter
    play.filters.headers.SecurityHeadersFilter
    play.filters.hosts.AllowedHostsFilter
    play.filters.headers.SecurityHeadersFilter

2018-02-28 23:09:16,085 [INFO] from play.api.Play in play-dev-mode-akka.actor.default-dispatcher-207 - Application started (Dev)
2018-02-28 23:14:19,401 [INFO] from application in application-akka.actor.default-dispatcher-34 - Shutting down connection pool.
2018-02-28 23:14:19,463 [INFO] from application in play-dev-mode-akka.actor.default-dispatcher-291 - Creating Pool for datasource 'default'
2018-02-28 23:14:19,479 [INFO] from play.api.db.DefaultDBApi in play-dev-mode-akka.actor.default-dispatcher-291 - Database [default] connected at jdbc:h2:file:./data/employeeDB
2018-02-28 23:14:19,542 [INFO] from play.api.http.EnabledFilters in play-dev-mode-akka.actor.default-dispatcher-291 - Enabled Filters (see <https://www.playframework.com/documentation/latest/Filters>):

    play.filters.csrf.CSRFFilter
    play.filters.headers.SecurityHeadersFilter
    play.filters.hosts.AllowedHostsFilter
    play.filters.headers.SecurityHeadersFilter

2018-02-28 23:14:19,542 [INFO] from play.api.Play in play-dev-mode-akka.actor.default-dispatcher-291 - Application started (Dev)
2018-02-28 23:14:35,514 [INFO] from application in application-akka.actor.default-dispatcher-5 - Shutting down connection pool.
2018-02-28 23:14:35,576 [INFO] from application in play-dev-mode-akka.actor.default-dispatcher-308 - Creating Pool for datasource 'default'
2018-02-28 23:14:35,592 [INFO] from play.api.db.DefaultDBApi in play-dev-mode-akka.actor.default-dispatcher-308 - Database [default] connected at jdbc:h2:file:./data/employeeDB
2018-02-28 23:14:35,654 [INFO] from play.api.http.EnabledFilters in play-dev-mode-akka.actor.default-dispatcher-308 - Enabled Filters (see <https://www.playframework.com/documentation/latest/Filters>):

    play.filters.csrf.CSRFFilter
    play.filters.headers.SecurityHeadersFilter
    play.filters.hosts.AllowedHostsFilter
    play.filters.headers.SecurityHeadersFilter

2018-02-28 23:14:35,654 [INFO] from play.api.Play in play-dev-mode-akka.actor.default-dispatcher-308 - Application started (Dev)
2018-02-28 23:14:49,173 [INFO] from application in application-akka.actor.default-dispatcher-9 - Shutting down connection pool.
2018-02-28 23:14:49,251 [INFO] from application in play-dev-mode-akka.actor.default-dispatcher-280 - Creating Pool for datasource 'default'
2018-02-28 23:14:49,267 [INFO] from play.api.db.DefaultDBApi in play-dev-mode-akka.actor.default-dispatcher-280 - Database [default] connected at jdbc:h2:file:./data/employeeDB
2018-02-28 23:14:49,329 [INFO] from play.api.http.EnabledFilters in play-dev-mode-akka.actor.default-dispatcher-280 - Enabled Filters (see <https://www.playframework.com/documentation/latest/Filters>):

    play.filters.csrf.CSRFFilter
    play.filters.headers.SecurityHeadersFilter
    play.filters.hosts.AllowedHostsFilter
    play.filters.headers.SecurityHeadersFilter

2018-02-28 23:14:49,345 [INFO] from play.api.Play in play-dev-mode-akka.actor.default-dispatcher-280 - Application started (Dev)
2018-02-28 23:15:07,956 [INFO] from application in application-akka.actor.default-dispatcher-7 - Shutting down connection pool.
2018-02-28 23:15:08,018 [INFO] from application in play-dev-mode-akka.actor.default-dispatcher-311 - Creating Pool for datasource 'default'
2018-02-28 23:15:08,034 [INFO] from play.api.db.DefaultDBApi in play-dev-mode-akka.actor.default-dispatcher-311 - Database [default] connected at jdbc:h2:file:./data/employeeDB
2018-02-28 23:15:08,097 [INFO] from play.api.http.EnabledFilters in play-dev-mode-akka.actor.default-dispatcher-311 - Enabled Filters (see <https://www.playframework.com/documentation/latest/Filters>):

    play.filters.csrf.CSRFFilter
    play.filters.headers.SecurityHeadersFilter
    play.filters.hosts.AllowedHostsFilter
    play.filters.headers.SecurityHeadersFilter

2018-02-28 23:15:08,097 [INFO] from play.api.Play in play-dev-mode-akka.actor.default-dispatcher-311 - Application started (Dev)
2018-02-28 23:15:25,561 [INFO] from application in application-akka.actor.default-dispatcher-3 - Shutting down connection pool.
2018-02-28 23:15:25,623 [INFO] from application in play-dev-mode-akka.actor.default-dispatcher-311 - Creating Pool for datasource 'default'
2018-02-28 23:15:25,623 [INFO] from play.api.db.DefaultDBApi in play-dev-mode-akka.actor.default-dispatcher-311 - Database [default] connected at jdbc:h2:file:./data/employeeDB
2018-02-28 23:15:25,733 [INFO] from play.api.http.EnabledFilters in play-dev-mode-akka.actor.default-dispatcher-311 - Enabled Filters (see <https://www.playframework.com/documentation/latest/Filters>):

    play.filters.csrf.CSRFFilter
    play.filters.headers.SecurityHeadersFilter
    play.filters.hosts.AllowedHostsFilter
    play.filters.headers.SecurityHeadersFilter

2018-02-28 23:15:25,733 [INFO] from play.api.Play in play-dev-mode-akka.actor.default-dispatcher-311 - Application started (Dev)
2018-02-28 23:27:46,749 [INFO] from application in application-akka.actor.default-dispatcher-19 - Shutting down connection pool.
2018-02-28 23:27:46,843 [INFO] from application in play-dev-mode-akka.actor.default-dispatcher-326 - Creating Pool for datasource 'default'
2018-02-28 23:27:46,858 [INFO] from play.api.db.DefaultDBApi in play-dev-mode-akka.actor.default-dispatcher-326 - Database [default] connected at jdbc:h2:file:./data/employeeDB
2018-02-28 23:27:46,937 [INFO] from play.api.http.EnabledFilters in play-dev-mode-akka.actor.default-dispatcher-326 - Enabled Filters (see <https://www.playframework.com/documentation/latest/Filters>):

    play.filters.csrf.CSRFFilter
    play.filters.headers.SecurityHeadersFilter
    play.filters.hosts.AllowedHostsFilter
    play.filters.headers.SecurityHeadersFilter

2018-02-28 23:27:46,937 [INFO] from play.api.Play in play-dev-mode-akka.actor.default-dispatcher-326 - Application started (Dev)
2018-02-28 23:42:40,160 [INFO] from application in application-akka.actor.default-dispatcher-18 - Shutting down connection pool.
2018-02-28 23:42:40,238 [INFO] from application in play-dev-mode-akka.actor.default-dispatcher-353 - Creating Pool for datasource 'default'
2018-02-28 23:42:40,238 [INFO] from play.api.db.DefaultDBApi in play-dev-mode-akka.actor.default-dispatcher-353 - Database [default] connected at jdbc:h2:file:./data/employeeDB
2018-02-28 23:42:40,363 [INFO] from play.api.http.EnabledFilters in play-dev-mode-akka.actor.default-dispatcher-353 - Enabled Filters (see <https://www.playframework.com/documentation/latest/Filters>):

    play.filters.csrf.CSRFFilter
    play.filters.headers.SecurityHeadersFilter
    play.filters.hosts.AllowedHostsFilter
    play.filters.headers.SecurityHeadersFilter

2018-02-28 23:42:40,363 [INFO] from play.api.Play in play-dev-mode-akka.actor.default-dispatcher-353 - Application started (Dev)
2018-02-28 23:42:42,004 [INFO] from application in application-akka.actor.default-dispatcher-4 - Shutting down connection pool.
2018-02-28 23:42:42,067 [INFO] from application in play-dev-mode-akka.actor.default-dispatcher-353 - Creating Pool for datasource 'default'
2018-02-28 23:42:42,067 [INFO] from play.api.db.DefaultDBApi in play-dev-mode-akka.actor.default-dispatcher-353 - Database [default] connected at jdbc:h2:file:./data/employeeDB
2018-02-28 23:42:42,192 [INFO] from play.api.http.EnabledFilters in play-dev-mode-akka.actor.default-dispatcher-353 - Enabled Filters (see <https://www.playframework.com/documentation/latest/Filters>):

    play.filters.csrf.CSRFFilter
    play.filters.headers.SecurityHeadersFilter
    play.filters.hosts.AllowedHostsFilter
    play.filters.headers.SecurityHeadersFilter

2018-02-28 23:42:42,192 [INFO] from play.api.Play in play-dev-mode-akka.actor.default-dispatcher-353 - Application started (Dev)
2018-02-28 23:42:42,254 [ERROR] from application in application-akka.actor.default-dispatcher-2 - 

! @775pghmgf - Internal server error, for (GET) [/projects] ->
 
play.api.http.HttpErrorHandlerExceptions$$anon$1: Execution exception[[DataIntegrityException: Error[Value too long for column "DESCRIPTION VARCHAR(255)": "'Using neuralnetworks and specialized backpropagation algorithms, our scientists have managed to create an AIcapable of defining... (323)"; SQL statement: insert into project (project_name, category, description) values (?,?,?) [22001-193]]]]
	at play.api.http.HttpErrorHandlerExceptions$.throwableToUsefulException(HttpErrorHandler.scala:255)
	at play.api.http.DefaultHttpErrorHandler.onServerError(HttpErrorHandler.scala:182)
	at play.core.server.AkkaHttpServer$$anonfun$2.applyOrElse(AkkaHttpServer.scala:310)
	at play.core.server.AkkaHttpServer$$anonfun$2.applyOrElse(AkkaHttpServer.scala:308)
	at scala.concurrent.Future.$anonfun$recoverWith$1(Future.scala:412)
	at scala.concurrent.impl.Promise.$anonfun$transformWith$1(Promise.scala:37)
	at scala.concurrent.impl.CallbackRunnable.run(Promise.scala:60)
	at akka.dispatch.BatchingExecutor$AbstractBatch.processBatch(BatchingExecutor.scala:55)
	at akka.dispatch.BatchingExecutor$BlockableBatch.$anonfun$run$1(BatchingExecutor.scala:91)
	at scala.runtime.java8.JFunction0$mcV$sp.apply(JFunction0$mcV$sp.java:12)
	at scala.concurrent.BlockContext$.withBlockContext(BlockContext.scala:81)
	at akka.dispatch.BatchingExecutor$BlockableBatch.run(BatchingExecutor.scala:91)
	at akka.dispatch.TaskInvocation.run(AbstractDispatcher.scala:40)
	at akka.dispatch.ForkJoinExecutorConfigurator$AkkaForkJoinTask.exec(ForkJoinExecutorConfigurator.scala:43)
	at akka.dispatch.forkjoin.ForkJoinTask.doExec(ForkJoinTask.java:260)
	at akka.dispatch.forkjoin.ForkJoinPool$WorkQueue.runTask(ForkJoinPool.java:1339)
	at akka.dispatch.forkjoin.ForkJoinPool.runWorker(ForkJoinPool.java:1979)
	at akka.dispatch.forkjoin.ForkJoinWorkerThread.run(ForkJoinWorkerThread.java:107)
Caused by: io.ebean.DataIntegrityException: Error[Value too long for column "DESCRIPTION VARCHAR(255)": "'Using neuralnetworks and specialized backpropagation algorithms, our scientists have managed to create an AIcapable of defining... (323)"; SQL statement: insert into project (project_name, category, description) values (?,?,?) [22001-193]]
	at io.ebean.config.dbplatform.SqlCodeTranslator.translate(SqlCodeTranslator.java:44)
	at io.ebean.config.dbplatform.DatabasePlatform.translate(DatabasePlatform.java:195)
	at io.ebeaninternal.server.persist.dml.DmlBeanPersister.execute(DmlBeanPersister.java:83)
	at io.ebeaninternal.server.persist.dml.DmlBeanPersister.insert(DmlBeanPersister.java:49)
	at io.ebeaninternal.server.core.PersistRequestBean.executeInsert(PersistRequestBean.java:1085)
	at io.ebeaninternal.server.core.PersistRequestBean.executeNow(PersistRequestBean.java:661)
	at io.ebeaninternal.server.core.PersistRequestBean.executeOrQueue(PersistRequestBean.java:707)
	at io.ebeaninternal.server.persist.DefaultPersister.insert(DefaultPersister.java:456)
	at io.ebeaninternal.server.persist.DefaultPersister.insert(DefaultPersister.java:406)
	at io.ebeaninternal.server.persist.DefaultPersister.save(DefaultPersister.java:393)
	at io.ebeaninternal.server.core.DefaultServer.save(DefaultServer.java:1578)
	at io.ebeaninternal.server.core.DefaultServer.save(DefaultServer.java:1570)
	at io.ebean.Ebean.save(Ebean.java:552)
	at models.database.DatabaseOperator.fillProject(DatabaseOperator.java:40)
	at controllers.HomeController.projects(HomeController.java:28)
	at router.Routes$$anonfun$routes$1.$anonfun$applyOrElse$4(Routes.scala:138)
	at play.core.routing.HandlerInvokerFactory$$anon$3.resultCall(HandlerInvoker.scala:134)
	at play.core.routing.HandlerInvokerFactory$$anon$3.resultCall(HandlerInvoker.scala:133)
	at play.core.routing.HandlerInvokerFactory$JavaActionInvokerFactory$$anon$8$$anon$2$$anon$1.invocation(HandlerInvoker.scala:108)
	at play.core.j.JavaAction$$anon$1.call(JavaAction.scala:88)
	at play.http.DefaultActionCreator$1.call(DefaultActionCreator.java:31)
	at play.core.j.JavaAction.$anonfun$apply$8(JavaAction.scala:138)
	at scala.concurrent.Future$.$anonfun$apply$1(Future.scala:653)
	at scala.util.Success.$anonfun$map$1(Try.scala:251)
	at scala.util.Success.map(Try.scala:209)
	at scala.concurrent.Future.$anonfun$map$1(Future.scala:287)
	at scala.concurrent.impl.Promise.liftedTree1$1(Promise.scala:29)
	at scala.concurrent.impl.Promise.$anonfun$transform$1(Promise.scala:29)
	at scala.concurrent.impl.CallbackRunnable.run(Promise.scala:60)
	at play.core.j.HttpExecutionContext$$anon$2.run(HttpExecutionContext.scala:56)
	at play.api.libs.streams.Execution$trampoline$.execute(Execution.scala:70)
	at play.core.j.HttpExecutionContext.execute(HttpExecutionContext.scala:48)
	at scala.concurrent.impl.CallbackRunnable.executeWithValue(Promise.scala:68)
	at scala.concurrent.impl.Promise$KeptPromise$Kept.onComplete(Promise.scala:368)
	at scala.concurrent.impl.Promise$KeptPromise$Kept.onComplete$(Promise.scala:367)
	at scala.concurrent.impl.Promise$KeptPromise$Successful.onComplete(Promise.scala:375)
	at scala.concurrent.impl.Promise.transform(Promise.scala:29)
	at scala.concurrent.impl.Promise.transform$(Promise.scala:27)
	at scala.concurrent.impl.Promise$KeptPromise$Successful.transform(Promise.scala:375)
	at scala.concurrent.Future.map(Future.scala:287)
	at scala.concurrent.Future.map$(Future.scala:287)
	at scala.concurrent.impl.Promise$KeptPromise$Successful.map(Promise.scala:375)
	at scala.concurrent.Future$.apply(Future.scala:653)
	at play.core.j.JavaAction.apply(JavaAction.scala:138)
	at play.api.mvc.Action.$anonfun$apply$2(Action.scala:96)
	at play.api.libs.streams.StrictAccumulator.$anonfun$mapFuture$4(Accumulator.scala:174)
	at scala.util.Try$.apply(Try.scala:209)
	at play.api.libs.streams.StrictAccumulator.$anonfun$mapFuture$3(Accumulator.scala:174)
	at scala.Function1.$anonfun$andThen$1(Function1.scala:52)
	at scala.Function1.$anonfun$andThen$1(Function1.scala:52)
	at scala.Function1.$anonfun$andThen$1(Function1.scala:52)
	at play.api.libs.streams.StrictAccumulator.run(Accumulator.scala:207)
	at play.core.server.AkkaHttpServer.$anonfun$runAction$4(AkkaHttpServer.scala:304)
	at akka.http.scaladsl.util.FastFuture$.strictTransform$1(FastFuture.scala:41)
	at akka.http.scaladsl.util.FastFuture$.$anonfun$transformWith$3(FastFuture.scala:51)
	... 12 common frames omitted
Caused by: org.h2.jdbc.JdbcSQLException: Value too long for column "DESCRIPTION VARCHAR(255)": "'Using neuralnetworks and specialized backpropagation algorithms, our scientists have managed to create an AIcapable of defining... (323)"; SQL statement:
insert into project (project_name, category, description) values (?,?,?) [22001-193]
	at org.h2.message.DbException.getJdbcSQLException(DbException.java:345)
	at org.h2.message.DbException.get(DbException.java:179)
	at org.h2.table.Column.validateConvertUpdateSequence(Column.java:335)
	at org.h2.table.Table.validateConvertUpdateSequence(Table.java:784)
	at org.h2.command.dml.Insert.insertRows(Insert.java:151)
	at org.h2.command.dml.Insert.update(Insert.java:114)
	at org.h2.command.CommandContainer.update(CommandContainer.java:98)
	at org.h2.command.Command.executeUpdate(Command.java:258)
	at org.h2.jdbc.JdbcPreparedStatement.executeUpdateInternal(JdbcPreparedStatement.java:160)
	at org.h2.jdbc.JdbcPreparedStatement.executeUpdate(JdbcPreparedStatement.java:146)
	at com.zaxxer.hikari.pool.ProxyPreparedStatement.executeUpdate(ProxyPreparedStatement.java:61)
	at com.zaxxer.hikari.pool.HikariProxyPreparedStatement.executeUpdate(HikariProxyPreparedStatement.java)
	at io.ebeaninternal.server.type.DataBind.executeUpdate(DataBind.java:82)
	at io.ebeaninternal.server.persist.dml.InsertHandler.execute(InsertHandler.java:122)
	at io.ebeaninternal.server.persist.dml.DmlBeanPersister.execute(DmlBeanPersister.java:73)
	... 64 common frames omitted
2018-02-28 23:44:54,101 [INFO] from application in application-akka.actor.default-dispatcher-8 - Shutting down connection pool.
2018-02-28 23:44:54,179 [INFO] from application in play-dev-mode-akka.actor.default-dispatcher-356 - Creating Pool for datasource 'default'
2018-02-28 23:44:54,195 [INFO] from play.api.db.DefaultDBApi in play-dev-mode-akka.actor.default-dispatcher-356 - Database [default] connected at jdbc:h2:file:./data/employeeDB
2018-02-28 23:44:54,288 [INFO] from play.api.http.EnabledFilters in play-dev-mode-akka.actor.default-dispatcher-356 - Enabled Filters (see <https://www.playframework.com/documentation/latest/Filters>):

    play.filters.csrf.CSRFFilter
    play.filters.headers.SecurityHeadersFilter
    play.filters.hosts.AllowedHostsFilter
    play.filters.headers.SecurityHeadersFilter

2018-02-28 23:44:54,288 [INFO] from play.api.Play in play-dev-mode-akka.actor.default-dispatcher-356 - Application started (Dev)
2018-02-28 23:44:55,976 [INFO] from application in application-akka.actor.default-dispatcher-7 - Shutting down connection pool.
2018-02-28 23:44:56,054 [INFO] from application in play-dev-mode-akka.actor.default-dispatcher-356 - Creating Pool for datasource 'default'
2018-02-28 23:44:56,054 [INFO] from play.api.db.DefaultDBApi in play-dev-mode-akka.actor.default-dispatcher-356 - Database [default] connected at jdbc:h2:file:./data/employeeDB
2018-02-28 23:44:56,148 [INFO] from play.api.http.EnabledFilters in play-dev-mode-akka.actor.default-dispatcher-356 - Enabled Filters (see <https://www.playframework.com/documentation/latest/Filters>):

    play.filters.csrf.CSRFFilter
    play.filters.headers.SecurityHeadersFilter
    play.filters.hosts.AllowedHostsFilter
    play.filters.headers.SecurityHeadersFilter

2018-02-28 23:44:56,148 [INFO] from play.api.Play in play-dev-mode-akka.actor.default-dispatcher-356 - Application started (Dev)
2018-02-28 23:44:56,163 [ERROR] from application in application-akka.actor.default-dispatcher-7 - 

! @775pgpcio - Internal server error, for (GET) [/projects] ->
 
play.api.http.HttpErrorHandlerExceptions$$anon$1: Execution exception[[DataIntegrityException: Error[Value too long for column "DESCRIPTION VARCHAR(255)": "'Using neuralnetworks and specialized backpropagation algorithms, our scientists have managed to create an AIcapable of defining... (323)"; SQL statement: insert into project (project_name, category, description) values (?,?,?) [22001-193]]]]
	at play.api.http.HttpErrorHandlerExceptions$.throwableToUsefulException(HttpErrorHandler.scala:255)
	at play.api.http.DefaultHttpErrorHandler.onServerError(HttpErrorHandler.scala:182)
	at play.core.server.AkkaHttpServer$$anonfun$2.applyOrElse(AkkaHttpServer.scala:310)
	at play.core.server.AkkaHttpServer$$anonfun$2.applyOrElse(AkkaHttpServer.scala:308)
	at scala.concurrent.Future.$anonfun$recoverWith$1(Future.scala:412)
	at scala.concurrent.impl.Promise.$anonfun$transformWith$1(Promise.scala:37)
	at scala.concurrent.impl.CallbackRunnable.run(Promise.scala:60)
	at akka.dispatch.BatchingExecutor$AbstractBatch.processBatch(BatchingExecutor.scala:55)
	at akka.dispatch.BatchingExecutor$BlockableBatch.$anonfun$run$1(BatchingExecutor.scala:91)
	at scala.runtime.java8.JFunction0$mcV$sp.apply(JFunction0$mcV$sp.java:12)
	at scala.concurrent.BlockContext$.withBlockContext(BlockContext.scala:81)
	at akka.dispatch.BatchingExecutor$BlockableBatch.run(BatchingExecutor.scala:91)
	at akka.dispatch.TaskInvocation.run(AbstractDispatcher.scala:40)
	at akka.dispatch.ForkJoinExecutorConfigurator$AkkaForkJoinTask.exec(ForkJoinExecutorConfigurator.scala:43)
	at akka.dispatch.forkjoin.ForkJoinTask.doExec(ForkJoinTask.java:260)
	at akka.dispatch.forkjoin.ForkJoinPool$WorkQueue.runTask(ForkJoinPool.java:1339)
	at akka.dispatch.forkjoin.ForkJoinPool.runWorker(ForkJoinPool.java:1979)
	at akka.dispatch.forkjoin.ForkJoinWorkerThread.run(ForkJoinWorkerThread.java:107)
Caused by: io.ebean.DataIntegrityException: Error[Value too long for column "DESCRIPTION VARCHAR(255)": "'Using neuralnetworks and specialized backpropagation algorithms, our scientists have managed to create an AIcapable of defining... (323)"; SQL statement: insert into project (project_name, category, description) values (?,?,?) [22001-193]]
	at io.ebean.config.dbplatform.SqlCodeTranslator.translate(SqlCodeTranslator.java:44)
	at io.ebean.config.dbplatform.DatabasePlatform.translate(DatabasePlatform.java:195)
	at io.ebeaninternal.server.persist.dml.DmlBeanPersister.execute(DmlBeanPersister.java:83)
	at io.ebeaninternal.server.persist.dml.DmlBeanPersister.insert(DmlBeanPersister.java:49)
	at io.ebeaninternal.server.core.PersistRequestBean.executeInsert(PersistRequestBean.java:1085)
	at io.ebeaninternal.server.core.PersistRequestBean.executeNow(PersistRequestBean.java:661)
	at io.ebeaninternal.server.core.PersistRequestBean.executeOrQueue(PersistRequestBean.java:707)
	at io.ebeaninternal.server.persist.DefaultPersister.insert(DefaultPersister.java:456)
	at io.ebeaninternal.server.persist.DefaultPersister.insert(DefaultPersister.java:406)
	at io.ebeaninternal.server.persist.DefaultPersister.save(DefaultPersister.java:393)
	at io.ebeaninternal.server.core.DefaultServer.save(DefaultServer.java:1578)
	at io.ebeaninternal.server.core.DefaultServer.save(DefaultServer.java:1570)
	at io.ebean.Ebean.save(Ebean.java:552)
	at models.database.DatabaseOperator.fillProject(DatabaseOperator.java:40)
	at controllers.HomeController.projects(HomeController.java:28)
	at router.Routes$$anonfun$routes$1.$anonfun$applyOrElse$4(Routes.scala:138)
	at play.core.routing.HandlerInvokerFactory$$anon$3.resultCall(HandlerInvoker.scala:134)
	at play.core.routing.HandlerInvokerFactory$$anon$3.resultCall(HandlerInvoker.scala:133)
	at play.core.routing.HandlerInvokerFactory$JavaActionInvokerFactory$$anon$8$$anon$2$$anon$1.invocation(HandlerInvoker.scala:108)
	at play.core.j.JavaAction$$anon$1.call(JavaAction.scala:88)
	at play.http.DefaultActionCreator$1.call(DefaultActionCreator.java:31)
	at play.core.j.JavaAction.$anonfun$apply$8(JavaAction.scala:138)
	at scala.concurrent.Future$.$anonfun$apply$1(Future.scala:653)
	at scala.util.Success.$anonfun$map$1(Try.scala:251)
	at scala.util.Success.map(Try.scala:209)
	at scala.concurrent.Future.$anonfun$map$1(Future.scala:287)
	at scala.concurrent.impl.Promise.liftedTree1$1(Promise.scala:29)
	at scala.concurrent.impl.Promise.$anonfun$transform$1(Promise.scala:29)
	at scala.concurrent.impl.CallbackRunnable.run(Promise.scala:60)
	at play.core.j.HttpExecutionContext$$anon$2.run(HttpExecutionContext.scala:56)
	at play.api.libs.streams.Execution$trampoline$.execute(Execution.scala:70)
	at play.core.j.HttpExecutionContext.execute(HttpExecutionContext.scala:48)
	at scala.concurrent.impl.CallbackRunnable.executeWithValue(Promise.scala:68)
	at scala.concurrent.impl.Promise$KeptPromise$Kept.onComplete(Promise.scala:368)
	at scala.concurrent.impl.Promise$KeptPromise$Kept.onComplete$(Promise.scala:367)
	at scala.concurrent.impl.Promise$KeptPromise$Successful.onComplete(Promise.scala:375)
	at scala.concurrent.impl.Promise.transform(Promise.scala:29)
	at scala.concurrent.impl.Promise.transform$(Promise.scala:27)
	at scala.concurrent.impl.Promise$KeptPromise$Successful.transform(Promise.scala:375)
	at scala.concurrent.Future.map(Future.scala:287)
	at scala.concurrent.Future.map$(Future.scala:287)
	at scala.concurrent.impl.Promise$KeptPromise$Successful.map(Promise.scala:375)
	at scala.concurrent.Future$.apply(Future.scala:653)
	at play.core.j.JavaAction.apply(JavaAction.scala:138)
	at play.api.mvc.Action.$anonfun$apply$2(Action.scala:96)
	at play.api.libs.streams.StrictAccumulator.$anonfun$mapFuture$4(Accumulator.scala:174)
	at scala.util.Try$.apply(Try.scala:209)
	at play.api.libs.streams.StrictAccumulator.$anonfun$mapFuture$3(Accumulator.scala:174)
	at scala.Function1.$anonfun$andThen$1(Function1.scala:52)
	at scala.Function1.$anonfun$andThen$1(Function1.scala:52)
	at scala.Function1.$anonfun$andThen$1(Function1.scala:52)
	at play.api.libs.streams.StrictAccumulator.run(Accumulator.scala:207)
	at play.core.server.AkkaHttpServer.$anonfun$runAction$4(AkkaHttpServer.scala:304)
	at akka.http.scaladsl.util.FastFuture$.strictTransform$1(FastFuture.scala:41)
	at akka.http.scaladsl.util.FastFuture$.$anonfun$transformWith$3(FastFuture.scala:51)
	... 12 common frames omitted
Caused by: org.h2.jdbc.JdbcSQLException: Value too long for column "DESCRIPTION VARCHAR(255)": "'Using neuralnetworks and specialized backpropagation algorithms, our scientists have managed to create an AIcapable of defining... (323)"; SQL statement:
insert into project (project_name, category, description) values (?,?,?) [22001-193]
	at org.h2.message.DbException.getJdbcSQLException(DbException.java:345)
	at org.h2.message.DbException.get(DbException.java:179)
	at org.h2.table.Column.validateConvertUpdateSequence(Column.java:335)
	at org.h2.table.Table.validateConvertUpdateSequence(Table.java:784)
	at org.h2.command.dml.Insert.insertRows(Insert.java:151)
	at org.h2.command.dml.Insert.update(Insert.java:114)
	at org.h2.command.CommandContainer.update(CommandContainer.java:98)
	at org.h2.command.Command.executeUpdate(Command.java:258)
	at org.h2.jdbc.JdbcPreparedStatement.executeUpdateInternal(JdbcPreparedStatement.java:160)
	at org.h2.jdbc.JdbcPreparedStatement.executeUpdate(JdbcPreparedStatement.java:146)
	at com.zaxxer.hikari.pool.ProxyPreparedStatement.executeUpdate(ProxyPreparedStatement.java:61)
	at com.zaxxer.hikari.pool.HikariProxyPreparedStatement.executeUpdate(HikariProxyPreparedStatement.java)
	at io.ebeaninternal.server.type.DataBind.executeUpdate(DataBind.java:82)
	at io.ebeaninternal.server.persist.dml.InsertHandler.execute(InsertHandler.java:122)
	at io.ebeaninternal.server.persist.dml.DmlBeanPersister.execute(DmlBeanPersister.java:73)
	... 64 common frames omitted
2018-02-28 23:45:46,053 [INFO] from application in application-akka.actor.default-dispatcher-5 - Shutting down connection pool.
2018-02-28 23:45:46,116 [INFO] from application in play-dev-mode-akka.actor.default-dispatcher-355 - Creating Pool for datasource 'default'
2018-02-28 23:45:46,131 [INFO] from play.api.db.DefaultDBApi in play-dev-mode-akka.actor.default-dispatcher-355 - Database [default] connected at jdbc:h2:file:./data/employeeDB
2018-02-28 23:45:46,241 [INFO] from play.api.http.EnabledFilters in play-dev-mode-akka.actor.default-dispatcher-355 - Enabled Filters (see <https://www.playframework.com/documentation/latest/Filters>):

    play.filters.csrf.CSRFFilter
    play.filters.headers.SecurityHeadersFilter
    play.filters.hosts.AllowedHostsFilter
    play.filters.headers.SecurityHeadersFilter

2018-02-28 23:45:46,241 [INFO] from play.api.Play in play-dev-mode-akka.actor.default-dispatcher-355 - Application started (Dev)
2018-02-28 23:45:46,256 [ERROR] from application in application-akka.actor.default-dispatcher-4 - 

! @775ph28lf - Internal server error, for (GET) [/projects] ->
 
play.api.http.HttpErrorHandlerExceptions$$anon$1: Execution exception[[DuplicateKeyException: Error[Unique index or primary key violation: "PRIMARY_KEY_1 ON PUBLIC.PROJECT(PROJECT_NAME) VALUES ('DeepAI', 1)"; SQL statement: insert into project (project_name, category, description) values (?,?,?) [23505-193]]]]
	at play.api.http.HttpErrorHandlerExceptions$.throwableToUsefulException(HttpErrorHandler.scala:255)
	at play.api.http.DefaultHttpErrorHandler.onServerError(HttpErrorHandler.scala:182)
	at play.core.server.AkkaHttpServer$$anonfun$2.applyOrElse(AkkaHttpServer.scala:310)
	at play.core.server.AkkaHttpServer$$anonfun$2.applyOrElse(AkkaHttpServer.scala:308)
	at scala.concurrent.Future.$anonfun$recoverWith$1(Future.scala:412)
	at scala.concurrent.impl.Promise.$anonfun$transformWith$1(Promise.scala:37)
	at scala.concurrent.impl.CallbackRunnable.run(Promise.scala:60)
	at akka.dispatch.BatchingExecutor$AbstractBatch.processBatch(BatchingExecutor.scala:55)
	at akka.dispatch.BatchingExecutor$BlockableBatch.$anonfun$run$1(BatchingExecutor.scala:91)
	at scala.runtime.java8.JFunction0$mcV$sp.apply(JFunction0$mcV$sp.java:12)
	at scala.concurrent.BlockContext$.withBlockContext(BlockContext.scala:81)
	at akka.dispatch.BatchingExecutor$BlockableBatch.run(BatchingExecutor.scala:91)
	at akka.dispatch.TaskInvocation.run(AbstractDispatcher.scala:40)
	at akka.dispatch.ForkJoinExecutorConfigurator$AkkaForkJoinTask.exec(ForkJoinExecutorConfigurator.scala:43)
	at akka.dispatch.forkjoin.ForkJoinTask.doExec(ForkJoinTask.java:260)
	at akka.dispatch.forkjoin.ForkJoinPool$WorkQueue.runTask(ForkJoinPool.java:1339)
	at akka.dispatch.forkjoin.ForkJoinPool.runWorker(ForkJoinPool.java:1979)
	at akka.dispatch.forkjoin.ForkJoinWorkerThread.run(ForkJoinWorkerThread.java:107)
Caused by: io.ebean.DuplicateKeyException: Error[Unique index or primary key violation: "PRIMARY_KEY_1 ON PUBLIC.PROJECT(PROJECT_NAME) VALUES ('DeepAI', 1)"; SQL statement: insert into project (project_name, category, description) values (?,?,?) [23505-193]]
	at io.ebean.config.dbplatform.SqlCodeTranslator.translate(SqlCodeTranslator.java:42)
	at io.ebean.config.dbplatform.DatabasePlatform.translate(DatabasePlatform.java:195)
	at io.ebeaninternal.server.persist.dml.DmlBeanPersister.execute(DmlBeanPersister.java:83)
	at io.ebeaninternal.server.persist.dml.DmlBeanPersister.insert(DmlBeanPersister.java:49)
	at io.ebeaninternal.server.core.PersistRequestBean.executeInsert(PersistRequestBean.java:1085)
	at io.ebeaninternal.server.core.PersistRequestBean.executeNow(PersistRequestBean.java:661)
	at io.ebeaninternal.server.core.PersistRequestBean.executeOrQueue(PersistRequestBean.java:707)
	at io.ebeaninternal.server.persist.DefaultPersister.insert(DefaultPersister.java:456)
	at io.ebeaninternal.server.persist.DefaultPersister.insert(DefaultPersister.java:406)
	at io.ebeaninternal.server.persist.DefaultPersister.save(DefaultPersister.java:393)
	at io.ebeaninternal.server.core.DefaultServer.save(DefaultServer.java:1578)
	at io.ebeaninternal.server.core.DefaultServer.save(DefaultServer.java:1570)
	at io.ebean.Ebean.save(Ebean.java:552)
	at models.database.DatabaseOperator.fillProject(DatabaseOperator.java:37)
	at controllers.HomeController.projects(HomeController.java:28)
	at router.Routes$$anonfun$routes$1.$anonfun$applyOrElse$4(Routes.scala:138)
	at play.core.routing.HandlerInvokerFactory$$anon$3.resultCall(HandlerInvoker.scala:134)
	at play.core.routing.HandlerInvokerFactory$$anon$3.resultCall(HandlerInvoker.scala:133)
	at play.core.routing.HandlerInvokerFactory$JavaActionInvokerFactory$$anon$8$$anon$2$$anon$1.invocation(HandlerInvoker.scala:108)
	at play.core.j.JavaAction$$anon$1.call(JavaAction.scala:88)
	at play.http.DefaultActionCreator$1.call(DefaultActionCreator.java:31)
	at play.core.j.JavaAction.$anonfun$apply$8(JavaAction.scala:138)
	at scala.concurrent.Future$.$anonfun$apply$1(Future.scala:653)
	at scala.util.Success.$anonfun$map$1(Try.scala:251)
	at scala.util.Success.map(Try.scala:209)
	at scala.concurrent.Future.$anonfun$map$1(Future.scala:287)
	at scala.concurrent.impl.Promise.liftedTree1$1(Promise.scala:29)
	at scala.concurrent.impl.Promise.$anonfun$transform$1(Promise.scala:29)
	at scala.concurrent.impl.CallbackRunnable.run(Promise.scala:60)
	at play.core.j.HttpExecutionContext$$anon$2.run(HttpExecutionContext.scala:56)
	at play.api.libs.streams.Execution$trampoline$.execute(Execution.scala:70)
	at play.core.j.HttpExecutionContext.execute(HttpExecutionContext.scala:48)
	at scala.concurrent.impl.CallbackRunnable.executeWithValue(Promise.scala:68)
	at scala.concurrent.impl.Promise$KeptPromise$Kept.onComplete(Promise.scala:368)
	at scala.concurrent.impl.Promise$KeptPromise$Kept.onComplete$(Promise.scala:367)
	at scala.concurrent.impl.Promise$KeptPromise$Successful.onComplete(Promise.scala:375)
	at scala.concurrent.impl.Promise.transform(Promise.scala:29)
	at scala.concurrent.impl.Promise.transform$(Promise.scala:27)
	at scala.concurrent.impl.Promise$KeptPromise$Successful.transform(Promise.scala:375)
	at scala.concurrent.Future.map(Future.scala:287)
	at scala.concurrent.Future.map$(Future.scala:287)
	at scala.concurrent.impl.Promise$KeptPromise$Successful.map(Promise.scala:375)
	at scala.concurrent.Future$.apply(Future.scala:653)
	at play.core.j.JavaAction.apply(JavaAction.scala:138)
	at play.api.mvc.Action.$anonfun$apply$2(Action.scala:96)
	at play.api.libs.streams.StrictAccumulator.$anonfun$mapFuture$4(Accumulator.scala:174)
	at scala.util.Try$.apply(Try.scala:209)
	at play.api.libs.streams.StrictAccumulator.$anonfun$mapFuture$3(Accumulator.scala:174)
	at scala.Function1.$anonfun$andThen$1(Function1.scala:52)
	at scala.Function1.$anonfun$andThen$1(Function1.scala:52)
	at scala.Function1.$anonfun$andThen$1(Function1.scala:52)
	at play.api.libs.streams.StrictAccumulator.run(Accumulator.scala:207)
	at play.core.server.AkkaHttpServer.$anonfun$runAction$4(AkkaHttpServer.scala:304)
	at akka.http.scaladsl.util.FastFuture$.strictTransform$1(FastFuture.scala:41)
	at akka.http.scaladsl.util.FastFuture$.$anonfun$transformWith$3(FastFuture.scala:51)
	... 12 common frames omitted
Caused by: org.h2.jdbc.JdbcSQLException: Unique index or primary key violation: "PRIMARY_KEY_1 ON PUBLIC.PROJECT(PROJECT_NAME) VALUES ('DeepAI', 1)"; SQL statement:
insert into project (project_name, category, description) values (?,?,?) [23505-193]
	at org.h2.message.DbException.getJdbcSQLException(DbException.java:345)
	at org.h2.message.DbException.get(DbException.java:179)
	at org.h2.message.DbException.get(DbException.java:155)
	at org.h2.index.BaseIndex.getDuplicateKeyException(BaseIndex.java:103)
	at org.h2.mvstore.db.MVSecondaryIndex.checkUnique(MVSecondaryIndex.java:231)
	at org.h2.mvstore.db.MVSecondaryIndex.add(MVSecondaryIndex.java:190)
	at org.h2.mvstore.db.MVTable.addRow(MVTable.java:704)
	at org.h2.command.dml.Insert.insertRows(Insert.java:156)
	at org.h2.command.dml.Insert.update(Insert.java:114)
	at org.h2.command.CommandContainer.update(CommandContainer.java:98)
	at org.h2.command.Command.executeUpdate(Command.java:258)
	at org.h2.jdbc.JdbcPreparedStatement.executeUpdateInternal(JdbcPreparedStatement.java:160)
	at org.h2.jdbc.JdbcPreparedStatement.executeUpdate(JdbcPreparedStatement.java:146)
	at com.zaxxer.hikari.pool.ProxyPreparedStatement.executeUpdate(ProxyPreparedStatement.java:61)
	at com.zaxxer.hikari.pool.HikariProxyPreparedStatement.executeUpdate(HikariProxyPreparedStatement.java)
	at io.ebeaninternal.server.type.DataBind.executeUpdate(DataBind.java:82)
	at io.ebeaninternal.server.persist.dml.InsertHandler.execute(InsertHandler.java:122)
	at io.ebeaninternal.server.persist.dml.DmlBeanPersister.execute(DmlBeanPersister.java:73)
	... 64 common frames omitted
2018-02-28 23:46:12,744 [INFO] from application in application-akka.actor.default-dispatcher-10 - Shutting down connection pool.
2018-02-28 23:46:12,806 [INFO] from application in play-dev-mode-akka.actor.default-dispatcher-356 - Creating Pool for datasource 'default'
2018-02-28 23:46:12,806 [INFO] from play.api.db.DefaultDBApi in play-dev-mode-akka.actor.default-dispatcher-356 - Database [default] connected at jdbc:h2:file:./data/employeeDB
2018-02-28 23:46:12,884 [INFO] from play.api.http.EnabledFilters in play-dev-mode-akka.actor.default-dispatcher-356 - Enabled Filters (see <https://www.playframework.com/documentation/latest/Filters>):

    play.filters.csrf.CSRFFilter
    play.filters.headers.SecurityHeadersFilter
    play.filters.hosts.AllowedHostsFilter
    play.filters.headers.SecurityHeadersFilter

2018-02-28 23:46:12,884 [INFO] from play.api.Play in play-dev-mode-akka.actor.default-dispatcher-356 - Application started (Dev)
2018-02-28 23:46:12,900 [ERROR] from application in application-akka.actor.default-dispatcher-5 - 

! @775ph3m69 - Internal server error, for (GET) [/projects] ->
 
play.api.http.HttpErrorHandlerExceptions$$anon$1: Execution exception[[DuplicateKeyException: Error[Unique index or primary key violation: "PRIMARY_KEY_1 ON PUBLIC.PROJECT(PROJECT_NAME) VALUES ('DeeperAI', 2)"; SQL statement: insert into project (project_name, category, description) values (?,?,?) [23505-193]]]]
	at play.api.http.HttpErrorHandlerExceptions$.throwableToUsefulException(HttpErrorHandler.scala:255)
	at play.api.http.DefaultHttpErrorHandler.onServerError(HttpErrorHandler.scala:182)
	at play.core.server.AkkaHttpServer$$anonfun$2.applyOrElse(AkkaHttpServer.scala:310)
	at play.core.server.AkkaHttpServer$$anonfun$2.applyOrElse(AkkaHttpServer.scala:308)
	at scala.concurrent.Future.$anonfun$recoverWith$1(Future.scala:412)
	at scala.concurrent.impl.Promise.$anonfun$transformWith$1(Promise.scala:37)
	at scala.concurrent.impl.CallbackRunnable.run(Promise.scala:60)
	at akka.dispatch.BatchingExecutor$AbstractBatch.processBatch(BatchingExecutor.scala:55)
	at akka.dispatch.BatchingExecutor$BlockableBatch.$anonfun$run$1(BatchingExecutor.scala:91)
	at scala.runtime.java8.JFunction0$mcV$sp.apply(JFunction0$mcV$sp.java:12)
	at scala.concurrent.BlockContext$.withBlockContext(BlockContext.scala:81)
	at akka.dispatch.BatchingExecutor$BlockableBatch.run(BatchingExecutor.scala:91)
	at akka.dispatch.TaskInvocation.run(AbstractDispatcher.scala:40)
	at akka.dispatch.ForkJoinExecutorConfigurator$AkkaForkJoinTask.exec(ForkJoinExecutorConfigurator.scala:43)
	at akka.dispatch.forkjoin.ForkJoinTask.doExec(ForkJoinTask.java:260)
	at akka.dispatch.forkjoin.ForkJoinPool$WorkQueue.runTask(ForkJoinPool.java:1339)
	at akka.dispatch.forkjoin.ForkJoinPool.runWorker(ForkJoinPool.java:1979)
	at akka.dispatch.forkjoin.ForkJoinWorkerThread.run(ForkJoinWorkerThread.java:107)
Caused by: io.ebean.DuplicateKeyException: Error[Unique index or primary key violation: "PRIMARY_KEY_1 ON PUBLIC.PROJECT(PROJECT_NAME) VALUES ('DeeperAI', 2)"; SQL statement: insert into project (project_name, category, description) values (?,?,?) [23505-193]]
	at io.ebean.config.dbplatform.SqlCodeTranslator.translate(SqlCodeTranslator.java:42)
	at io.ebean.config.dbplatform.DatabasePlatform.translate(DatabasePlatform.java:195)
	at io.ebeaninternal.server.persist.dml.DmlBeanPersister.execute(DmlBeanPersister.java:83)
	at io.ebeaninternal.server.persist.dml.DmlBeanPersister.insert(DmlBeanPersister.java:49)
	at io.ebeaninternal.server.core.PersistRequestBean.executeInsert(PersistRequestBean.java:1085)
	at io.ebeaninternal.server.core.PersistRequestBean.executeNow(PersistRequestBean.java:661)
	at io.ebeaninternal.server.core.PersistRequestBean.executeOrQueue(PersistRequestBean.java:707)
	at io.ebeaninternal.server.persist.DefaultPersister.insert(DefaultPersister.java:456)
	at io.ebeaninternal.server.persist.DefaultPersister.insert(DefaultPersister.java:406)
	at io.ebeaninternal.server.persist.DefaultPersister.save(DefaultPersister.java:393)
	at io.ebeaninternal.server.core.DefaultServer.save(DefaultServer.java:1578)
	at io.ebeaninternal.server.core.DefaultServer.save(DefaultServer.java:1570)
	at io.ebean.Ebean.save(Ebean.java:552)
	at models.database.DatabaseOperator.fillProject(DatabaseOperator.java:37)
	at controllers.HomeController.projects(HomeController.java:28)
	at router.Routes$$anonfun$routes$1.$anonfun$applyOrElse$4(Routes.scala:138)
	at play.core.routing.HandlerInvokerFactory$$anon$3.resultCall(HandlerInvoker.scala:134)
	at play.core.routing.HandlerInvokerFactory$$anon$3.resultCall(HandlerInvoker.scala:133)
	at play.core.routing.HandlerInvokerFactory$JavaActionInvokerFactory$$anon$8$$anon$2$$anon$1.invocation(HandlerInvoker.scala:108)
	at play.core.j.JavaAction$$anon$1.call(JavaAction.scala:88)
	at play.http.DefaultActionCreator$1.call(DefaultActionCreator.java:31)
	at play.core.j.JavaAction.$anonfun$apply$8(JavaAction.scala:138)
	at scala.concurrent.Future$.$anonfun$apply$1(Future.scala:653)
	at scala.util.Success.$anonfun$map$1(Try.scala:251)
	at scala.util.Success.map(Try.scala:209)
	at scala.concurrent.Future.$anonfun$map$1(Future.scala:287)
	at scala.concurrent.impl.Promise.liftedTree1$1(Promise.scala:29)
	at scala.concurrent.impl.Promise.$anonfun$transform$1(Promise.scala:29)
	at scala.concurrent.impl.CallbackRunnable.run(Promise.scala:60)
	at play.core.j.HttpExecutionContext$$anon$2.run(HttpExecutionContext.scala:56)
	at play.api.libs.streams.Execution$trampoline$.execute(Execution.scala:70)
	at play.core.j.HttpExecutionContext.execute(HttpExecutionContext.scala:48)
	at scala.concurrent.impl.CallbackRunnable.executeWithValue(Promise.scala:68)
	at scala.concurrent.impl.Promise$KeptPromise$Kept.onComplete(Promise.scala:368)
	at scala.concurrent.impl.Promise$KeptPromise$Kept.onComplete$(Promise.scala:367)
	at scala.concurrent.impl.Promise$KeptPromise$Successful.onComplete(Promise.scala:375)
	at scala.concurrent.impl.Promise.transform(Promise.scala:29)
	at scala.concurrent.impl.Promise.transform$(Promise.scala:27)
	at scala.concurrent.impl.Promise$KeptPromise$Successful.transform(Promise.scala:375)
	at scala.concurrent.Future.map(Future.scala:287)
	at scala.concurrent.Future.map$(Future.scala:287)
	at scala.concurrent.impl.Promise$KeptPromise$Successful.map(Promise.scala:375)
	at scala.concurrent.Future$.apply(Future.scala:653)
	at play.core.j.JavaAction.apply(JavaAction.scala:138)
	at play.api.mvc.Action.$anonfun$apply$2(Action.scala:96)
	at play.api.libs.streams.StrictAccumulator.$anonfun$mapFuture$4(Accumulator.scala:174)
	at scala.util.Try$.apply(Try.scala:209)
	at play.api.libs.streams.StrictAccumulator.$anonfun$mapFuture$3(Accumulator.scala:174)
	at scala.Function1.$anonfun$andThen$1(Function1.scala:52)
	at scala.Function1.$anonfun$andThen$1(Function1.scala:52)
	at scala.Function1.$anonfun$andThen$1(Function1.scala:52)
	at play.api.libs.streams.StrictAccumulator.run(Accumulator.scala:207)
	at play.core.server.AkkaHttpServer.$anonfun$runAction$4(AkkaHttpServer.scala:304)
	at akka.http.scaladsl.util.FastFuture$.strictTransform$1(FastFuture.scala:41)
	at akka.http.scaladsl.util.FastFuture$.$anonfun$transformWith$3(FastFuture.scala:51)
	... 12 common frames omitted
Caused by: org.h2.jdbc.JdbcSQLException: Unique index or primary key violation: "PRIMARY_KEY_1 ON PUBLIC.PROJECT(PROJECT_NAME) VALUES ('DeeperAI', 2)"; SQL statement:
insert into project (project_name, category, description) values (?,?,?) [23505-193]
	at org.h2.message.DbException.getJdbcSQLException(DbException.java:345)
	at org.h2.message.DbException.get(DbException.java:179)
	at org.h2.message.DbException.get(DbException.java:155)
	at org.h2.index.BaseIndex.getDuplicateKeyException(BaseIndex.java:103)
	at org.h2.mvstore.db.MVSecondaryIndex.checkUnique(MVSecondaryIndex.java:231)
	at org.h2.mvstore.db.MVSecondaryIndex.add(MVSecondaryIndex.java:190)
	at org.h2.mvstore.db.MVTable.addRow(MVTable.java:704)
	at org.h2.command.dml.Insert.insertRows(Insert.java:156)
	at org.h2.command.dml.Insert.update(Insert.java:114)
	at org.h2.command.CommandContainer.update(CommandContainer.java:98)
	at org.h2.command.Command.executeUpdate(Command.java:258)
	at org.h2.jdbc.JdbcPreparedStatement.executeUpdateInternal(JdbcPreparedStatement.java:160)
	at org.h2.jdbc.JdbcPreparedStatement.executeUpdate(JdbcPreparedStatement.java:146)
	at com.zaxxer.hikari.pool.ProxyPreparedStatement.executeUpdate(ProxyPreparedStatement.java:61)
	at com.zaxxer.hikari.pool.HikariProxyPreparedStatement.executeUpdate(HikariProxyPreparedStatement.java)
	at io.ebeaninternal.server.type.DataBind.executeUpdate(DataBind.java:82)
	at io.ebeaninternal.server.persist.dml.InsertHandler.execute(InsertHandler.java:122)
	at io.ebeaninternal.server.persist.dml.DmlBeanPersister.execute(DmlBeanPersister.java:73)
	... 64 common frames omitted
2018-02-28 23:47:12,344 [INFO] from application in application-akka.actor.default-dispatcher-9 - Shutting down connection pool.
2018-02-28 23:47:12,406 [INFO] from application in play-dev-mode-akka.actor.default-dispatcher-356 - Creating Pool for datasource 'default'
2018-02-28 23:47:12,422 [INFO] from play.api.db.DefaultDBApi in play-dev-mode-akka.actor.default-dispatcher-356 - Database [default] connected at jdbc:h2:file:./data/employeeDB
2018-02-28 23:47:12,484 [INFO] from play.api.http.EnabledFilters in play-dev-mode-akka.actor.default-dispatcher-356 - Enabled Filters (see <https://www.playframework.com/documentation/latest/Filters>):

    play.filters.csrf.CSRFFilter
    play.filters.headers.SecurityHeadersFilter
    play.filters.hosts.AllowedHostsFilter
    play.filters.headers.SecurityHeadersFilter

2018-02-28 23:47:12,500 [INFO] from play.api.Play in play-dev-mode-akka.actor.default-dispatcher-356 - Application started (Dev)
